[2025-04-21T00:14:53Z] GET / HTTP/1.1
[2025-04-21T00:14:53Z] Accept: text/html,application/xhtml+xml,application/xml;q=0.9,image/avif,image/webp,image/apng,*/*;q=0.8,application/signed-exchange;v=b3;q=0.7
[2025-04-21T00:14:53Z] Host: localhost:4000
[2025-04-21T00:14:53Z] User-Agent: Mozilla/5.0 (Windows NT 10.0; Win64; x64) AppleWebKit/537.36 (KHTML, like Gecko) Chrome/135.0.0.0 Safari/537.36
[2025-04-21T00:14:53Z] Accept-Encoding: gzip, deflate, br, zstd
[2025-04-21T00:14:53Z] Accept-Language: en-US,en;q=0.9
[2025-04-21T00:14:53Z] Referer: https://literate-journey-5gqpp7rqrpr4hr4g.github.dev/
[2025-04-21T00:14:53Z] X-Request-ID: ff3fc916d644f16cfcb0cb9139bcbd30
[2025-04-21T00:14:53Z] X-Real-IP: 138.185.76.130
[2025-04-21T00:14:53Z] X-Forwarded-Port: 443
[2025-04-21T00:14:53Z] X-Forwarded-Scheme: https
[2025-04-21T00:14:53Z] X-Original-URI: /
[2025-04-21T00:14:53Z] X-Scheme: https
[2025-04-21T00:14:53Z] sec-ch-ua: "Google Chrome";v="135", "Not-A.Brand";v="8", "Chromium";v="135"
[2025-04-21T00:14:53Z] sec-ch-ua-mobile: ?0
[2025-04-21T00:14:53Z] sec-ch-ua-platform: "Windows"
[2025-04-21T00:14:53Z] sec-fetch-site: same-site
[2025-04-21T00:14:53Z] sec-fetch-mode: navigate
[2025-04-21T00:14:53Z] sec-fetch-user: ?1
[2025-04-21T00:14:53Z] sec-fetch-dest: document
[2025-04-21T00:14:53Z] priority: u=0, i
[2025-04-21T00:14:53Z] X-Original-Proto: https
[2025-04-21T00:14:53Z] X-Forwarded-Proto: https
[2025-04-21T00:14:53Z] X-Forwarded-Host: literate-journey-5gqpp7rqrpr4hr4g-4000.app.github.dev
[2025-04-21T00:14:53Z] X-Forwarded-For: 138.185.76.130
[2025-04-21T00:14:53Z] Proxy-Connection: Keep-Alive
[2025-04-21T00:14:53Z] 
[2025-04-21T00:15:04Z] GET / HTTP/1.1
[2025-04-21T00:15:04Z] Accept: text/html,application/xhtml+xml,application/xml;q=0.9,image/avif,image/webp,image/apng,*/*;q=0.8,application/signed-exchange;v=b3;q=0.7
[2025-04-21T00:15:04Z] Host: localhost:4000
[2025-04-21T00:15:04Z] User-Agent: Mozilla/5.0 (Windows NT 10.0; Win64; x64) AppleWebKit/537.36 (KHTML, like Gecko) Chrome/135.0.0.0 Safari/537.36
[2025-04-21T00:15:04Z] Accept-Encoding: gzip, deflate, br, zstd
[2025-04-21T00:15:04Z] Accept-Language: en-US,en;q=0.9
[2025-04-21T00:15:04Z] Cache-Control: max-age=0
[2025-04-21T00:15:04Z] Referer: https://literate-journey-5gqpp7rqrpr4hr4g.github.dev/
[2025-04-21T00:15:04Z] X-Request-ID: 18f8b754af7f9e8ea5c72f599a5e558a
[2025-04-21T00:15:04Z] X-Real-IP: 138.185.76.130
[2025-04-21T00:15:04Z] X-Forwarded-Port: 443
[2025-04-21T00:15:04Z] X-Forwarded-Scheme: https
[2025-04-21T00:15:04Z] X-Original-URI: /
[2025-04-21T00:15:04Z] X-Scheme: https
[2025-04-21T00:15:04Z] sec-ch-ua: "Google Chrome";v="135", "Not-A.Brand";v="8", "Chromium";v="135"
[2025-04-21T00:15:04Z] sec-ch-ua-mobile: ?0
[2025-04-21T00:15:04Z] sec-ch-ua-platform: "Windows"
[2025-04-21T00:15:04Z] sec-fetch-site: cross-site
[2025-04-21T00:15:04Z] sec-fetch-mode: navigate
[2025-04-21T00:15:04Z] sec-fetch-user: ?1
[2025-04-21T00:15:04Z] sec-fetch-dest: document
[2025-04-21T00:15:04Z] priority: u=0, i
[2025-04-21T00:15:04Z] X-Original-Proto: https
[2025-04-21T00:15:04Z] X-Forwarded-Proto: https
[2025-04-21T00:15:04Z] X-Forwarded-Host: literate-journey-5gqpp7rqrpr4hr4g-4000.app.github.dev
[2025-04-21T00:15:04Z] X-Forwarded-For: 138.185.76.130
[2025-04-21T00:15:04Z] Proxy-Connection: Keep-Alive
[2025-04-21T00:15:04Z] 
[2025-04-21T00:15:12Z] GET / HTTP/1.1
[2025-04-21T00:15:12Z] Accept: text/html,application/xhtml+xml,application/xml;q=0.9,image/avif,image/webp,image/apng,*/*;q=0.8,application/signed-exchange;v=b3;q=0.7
[2025-04-21T00:15:12Z] Host: localhost:4000
[2025-04-21T00:15:12Z] User-Agent: Mozilla/5.0 (Windows NT 10.0; Win64; x64) AppleWebKit/537.36 (KHTML, like Gecko) Chrome/135.0.0.0 Safari/537.36
[2025-04-21T00:15:12Z] Accept-Encoding: gzip, deflate, br, zstd
[2025-04-21T00:15:12Z] Accept-Language: en-US,en;q=0.9
[2025-04-21T00:15:12Z] Cache-Control: max-age=0
[2025-04-21T00:15:12Z] Referer: https://literate-journey-5gqpp7rqrpr4hr4g.github.dev/
[2025-04-21T00:15:12Z] X-Request-ID: e9353d25818201ca7c3def89461af47b
[2025-04-21T00:15:12Z] X-Real-IP: 138.185.76.130
[2025-04-21T00:15:12Z] X-Forwarded-Port: 443
[2025-04-21T00:15:12Z] X-Forwarded-Scheme: https
[2025-04-21T00:15:12Z] X-Original-URI: /
[2025-04-21T00:15:12Z] X-Scheme: https
[2025-04-21T00:15:12Z] sec-ch-ua: "Google Chrome";v="135", "Not-A.Brand";v="8", "Chromium";v="135"
[2025-04-21T00:15:12Z] sec-ch-ua-mobile: ?0
[2025-04-21T00:15:12Z] sec-ch-ua-platform: "Windows"
[2025-04-21T00:15:12Z] sec-fetch-site: cross-site
[2025-04-21T00:15:12Z] sec-fetch-mode: navigate
[2025-04-21T00:15:12Z] sec-fetch-user: ?1
[2025-04-21T00:15:12Z] sec-fetch-dest: document
[2025-04-21T00:15:12Z] priority: u=0, i
[2025-04-21T00:15:12Z] X-Original-Proto: https
[2025-04-21T00:15:12Z] X-Forwarded-Proto: https
[2025-04-21T00:15:12Z] X-Forwarded-Host: literate-journey-5gqpp7rqrpr4hr4g-4000.app.github.dev
[2025-04-21T00:15:12Z] X-Forwarded-For: 138.185.76.130
[2025-04-21T00:15:12Z] Proxy-Connection: Keep-Alive
[2025-04-21T00:15:12Z] 
[2025-04-21T00:20:58Z] GET / HTTP/1.1
[2025-04-21T00:20:58Z] Accept: text/html,application/xhtml+xml,application/xml;q=0.9,image/avif,image/webp,image/apng,*/*;q=0.8,application/signed-exchange;v=b3;q=0.7
[2025-04-21T00:20:58Z] Host: localhost:4000
[2025-04-21T00:20:58Z] User-Agent: Mozilla/5.0 (Windows NT 10.0; Win64; x64) AppleWebKit/537.36 (KHTML, like Gecko) Chrome/135.0.0.0 Safari/537.36
[2025-04-21T00:20:58Z] Accept-Encoding: gzip, deflate, br, zstd
[2025-04-21T00:20:58Z] Accept-Language: en-US,en;q=0.9
[2025-04-21T00:20:58Z] Referer: https://literate-journey-5gqpp7rqrpr4hr4g.github.dev/
[2025-04-21T00:20:58Z] X-Request-ID: 52973e37b2f4826bf0aef6e4922b92de
[2025-04-21T00:20:58Z] X-Real-IP: 138.185.76.130
[2025-04-21T00:20:58Z] X-Forwarded-Port: 443
[2025-04-21T00:20:58Z] X-Forwarded-Scheme: https
[2025-04-21T00:20:58Z] X-Original-URI: /
[2025-04-21T00:20:58Z] X-Scheme: https
[2025-04-21T00:20:58Z] sec-ch-ua: "Google Chrome";v="135", "Not-A.Brand";v="8", "Chromium";v="135"
[2025-04-21T00:20:58Z] sec-ch-ua-mobile: ?0
[2025-04-21T00:20:58Z] sec-ch-ua-platform: "Windows"
[2025-04-21T00:20:58Z] sec-fetch-site: same-site
[2025-04-21T00:20:58Z] sec-fetch-mode: navigate
[2025-04-21T00:20:58Z] sec-fetch-user: ?1
[2025-04-21T00:20:58Z] sec-fetch-dest: document
[2025-04-21T00:20:58Z] priority: u=0, i
[2025-04-21T00:20:58Z] X-Original-Proto: https
[2025-04-21T00:20:58Z] X-Forwarded-Proto: https
[2025-04-21T00:20:58Z] X-Forwarded-Host: literate-journey-5gqpp7rqrpr4hr4g-4000.app.github.dev
[2025-04-21T00:20:58Z] X-Forwarded-For: 138.185.76.130
[2025-04-21T00:20:58Z] Proxy-Connection: Keep-Alive
[2025-04-21T00:20:58Z] 
[2025-04-21T00:25:54Z] GET / HTTP/1.1
[2025-04-21T00:25:54Z] Accept: text/html,application/xhtml+xml,application/xml;q=0.9,image/avif,image/webp,image/apng,*/*;q=0.8,application/signed-exchange;v=b3;q=0.7
[2025-04-21T00:25:54Z] Host: localhost:4000
[2025-04-21T00:25:54Z] User-Agent: Mozilla/5.0 (Windows NT 10.0; Win64; x64) AppleWebKit/537.36 (KHTML, like Gecko) Chrome/135.0.0.0 Safari/537.36
[2025-04-21T00:25:54Z] Accept-Encoding: gzip, deflate, br, zstd
[2025-04-21T00:25:54Z] Accept-Language: en-US,en;q=0.9
[2025-04-21T00:25:54Z] Referer: https://literate-journey-5gqpp7rqrpr4hr4g.github.dev/
[2025-04-21T00:25:54Z] X-Request-ID: c86c2baca5f7901b950ef16ccb70b8d1
[2025-04-21T00:25:54Z] X-Real-IP: 138.185.76.130
[2025-04-21T00:25:54Z] X-Forwarded-Port: 443
[2025-04-21T00:25:54Z] X-Forwarded-Scheme: https
[2025-04-21T00:25:54Z] X-Original-URI: /
[2025-04-21T00:25:54Z] X-Scheme: https
[2025-04-21T00:25:54Z] sec-ch-ua: "Google Chrome";v="135", "Not-A.Brand";v="8", "Chromium";v="135"
[2025-04-21T00:25:54Z] sec-ch-ua-mobile: ?0
[2025-04-21T00:25:54Z] sec-ch-ua-platform: "Windows"
[2025-04-21T00:25:54Z] sec-fetch-site: same-site
[2025-04-21T00:25:54Z] sec-fetch-mode: navigate
[2025-04-21T00:25:54Z] sec-fetch-user: ?1
[2025-04-21T00:25:54Z] sec-fetch-dest: document
[2025-04-21T00:25:54Z] priority: u=0, i
[2025-04-21T00:25:54Z] X-Original-Proto: https
[2025-04-21T00:25:54Z] X-Forwarded-Proto: https
[2025-04-21T00:25:54Z] X-Forwarded-Host: literate-journey-5gqpp7rqrpr4hr4g-4000.app.github.dev
[2025-04-21T00:25:54Z] X-Forwarded-For: 138.185.76.130
[2025-04-21T00:25:54Z] Proxy-Connection: Keep-Alive
[2025-04-21T00:25:54Z] 
[2025-04-21T00:35:37Z] GET / HTTP/1.1
[2025-04-21T00:35:37Z] Accept: text/html,application/xhtml+xml,application/xml;q=0.9,image/avif,image/webp,image/apng,*/*;q=0.8,application/signed-exchange;v=b3;q=0.7
[2025-04-21T00:35:37Z] Host: localhost:3000
[2025-04-21T00:35:37Z] User-Agent: Mozilla/5.0 (Windows NT 10.0; Win64; x64) AppleWebKit/537.36 (KHTML, like Gecko) Chrome/135.0.0.0 Safari/537.36
[2025-04-21T00:35:37Z] Accept-Encoding: gzip, deflate, br, zstd
[2025-04-21T00:35:37Z] Accept-Language: en-US,en;q=0.9
[2025-04-21T00:35:37Z] Cache-Control: max-age=0
[2025-04-21T00:35:37Z] Referer: https://github.com/
[2025-04-21T00:35:37Z] X-Request-ID: cfb17a803c5bfdee4d684800a1f0a72b
[2025-04-21T00:35:37Z] X-Real-IP: 138.185.76.130
[2025-04-21T00:35:37Z] X-Forwarded-Port: 443
[2025-04-21T00:35:37Z] X-Forwarded-Scheme: https
[2025-04-21T00:35:37Z] X-Original-URI: /
[2025-04-21T00:35:37Z] X-Scheme: https
[2025-04-21T00:35:37Z] sec-fetch-site: cross-site
[2025-04-21T00:35:37Z] sec-fetch-mode: navigate
[2025-04-21T00:35:37Z] sec-fetch-dest: document
[2025-04-21T00:35:37Z] sec-ch-ua: "Google Chrome";v="135", "Not-A.Brand";v="8", "Chromium";v="135"
[2025-04-21T00:35:37Z] sec-ch-ua-mobile: ?0
[2025-04-21T00:35:37Z] sec-ch-ua-platform: "Windows"
[2025-04-21T00:35:37Z] priority: u=0, i
[2025-04-21T00:35:37Z] X-Original-Proto: https
[2025-04-21T00:35:37Z] X-Forwarded-Proto: https
[2025-04-21T00:35:37Z] X-Forwarded-Host: literate-journey-5gqpp7rqrpr4hr4g-3000.app.github.dev
[2025-04-21T00:35:37Z] X-Forwarded-For: 138.185.76.130
[2025-04-21T00:35:37Z] Proxy-Connection: Keep-Alive
[2025-04-21T00:35:37Z] 
[2025-04-21T00:39:17Z] GET / HTTP/1.1
[2025-04-21T00:39:17Z] Accept: text/html,application/xhtml+xml,application/xml;q=0.9,image/avif,image/webp,image/apng,*/*;q=0.8,application/signed-exchange;v=b3;q=0.7
[2025-04-21T00:39:17Z] Host: localhost:3000
[2025-04-21T00:39:17Z] User-Agent: Mozilla/5.0 (Windows NT 10.0; Win64; x64) AppleWebKit/537.36 (KHTML, like Gecko) Chrome/135.0.0.0 Safari/537.36
[2025-04-21T00:39:17Z] Accept-Encoding: gzip, deflate, br, zstd
[2025-04-21T00:39:17Z] Accept-Language: en-US,en;q=0.9
[2025-04-21T00:39:17Z] Referer: https://literate-journey-5gqpp7rqrpr4hr4g.github.dev/
[2025-04-21T00:39:17Z] X-Request-ID: 9d923110553ae0fefbe863d50fe30b1d
[2025-04-21T00:39:17Z] X-Real-IP: 138.185.76.130
[2025-04-21T00:39:17Z] X-Forwarded-Port: 443
[2025-04-21T00:39:17Z] X-Forwarded-Scheme: https
[2025-04-21T00:39:17Z] X-Original-URI: /
[2025-04-21T00:39:17Z] X-Scheme: https
[2025-04-21T00:39:17Z] sec-ch-ua: "Google Chrome";v="135", "Not-A.Brand";v="8", "Chromium";v="135"
[2025-04-21T00:39:17Z] sec-ch-ua-mobile: ?0
[2025-04-21T00:39:17Z] sec-ch-ua-platform: "Windows"
[2025-04-21T00:39:17Z] sec-fetch-site: same-site
[2025-04-21T00:39:17Z] sec-fetch-mode: navigate
[2025-04-21T00:39:17Z] sec-fetch-user: ?1
[2025-04-21T00:39:17Z] sec-fetch-dest: document
[2025-04-21T00:39:17Z] priority: u=0, i
[2025-04-21T00:39:17Z] X-Original-Proto: https
[2025-04-21T00:39:17Z] X-Forwarded-Proto: https
[2025-04-21T00:39:17Z] X-Forwarded-Host: literate-journey-5gqpp7rqrpr4hr4g-3000.app.github.dev
[2025-04-21T00:39:17Z] X-Forwarded-For: 138.185.76.130
[2025-04-21T00:39:17Z] Proxy-Connection: Keep-Alive
[2025-04-21T00:39:17Z] 
[2025-04-21T00:45:57Z] GET / HTTP/1.1
[2025-04-21T00:45:57Z] Accept: text/html,application/xhtml+xml,application/xml;q=0.9,image/avif,image/webp,image/apng,*/*;q=0.8,application/signed-exchange;v=b3;q=0.7
[2025-04-21T00:45:57Z] Host: localhost:4000
[2025-04-21T00:45:57Z] User-Agent: Mozilla/5.0 (Windows NT 10.0; Win64; x64) AppleWebKit/537.36 (KHTML, like Gecko) Chrome/135.0.0.0 Safari/537.36
[2025-04-21T00:45:57Z] Accept-Encoding: gzip, deflate, br, zstd
[2025-04-21T00:45:57Z] Accept-Language: en-US,en;q=0.9
[2025-04-21T00:45:57Z] Cache-Control: max-age=0
[2025-04-21T00:45:57Z] Referer: https://github.com/
[2025-04-21T00:45:57Z] X-Request-ID: 7971ab59af1b94872ebcf9a23119b3de
[2025-04-21T00:45:57Z] X-Real-IP: 138.185.76.130
[2025-04-21T00:45:57Z] X-Forwarded-Port: 443
[2025-04-21T00:45:57Z] X-Forwarded-Scheme: https
[2025-04-21T00:45:57Z] X-Original-URI: /
[2025-04-21T00:45:57Z] X-Scheme: https
[2025-04-21T00:45:57Z] sec-fetch-site: cross-site
[2025-04-21T00:45:57Z] sec-fetch-mode: navigate
[2025-04-21T00:45:57Z] sec-fetch-dest: document
[2025-04-21T00:45:57Z] sec-ch-ua: "Google Chrome";v="135", "Not-A.Brand";v="8", "Chromium";v="135"
[2025-04-21T00:45:57Z] sec-ch-ua-mobile: ?0
[2025-04-21T00:45:57Z] sec-ch-ua-platform: "Windows"
[2025-04-21T00:45:57Z] priority: u=0, i
[2025-04-21T00:45:57Z] X-Original-Proto: https
[2025-04-21T00:45:57Z] X-Forwarded-Proto: https
[2025-04-21T00:45:57Z] X-Forwarded-Host: literate-journey-5gqpp7rqrpr4hr4g-4000.app.github.dev
[2025-04-21T00:45:57Z] X-Forwarded-For: 138.185.76.130
[2025-04-21T00:45:57Z] Proxy-Connection: Keep-Alive
[2025-04-21T00:45:57Z] 
[2025-04-21T01:24:44Z] GET / HTTP/1.1
[2025-04-21T01:24:44Z] Accept: text/html,application/xhtml+xml,application/xml;q=0.9,image/avif,image/webp,image/apng,*/*;q=0.8,application/signed-exchange;v=b3;q=0.7
[2025-04-21T01:24:44Z] Host: localhost:4000
[2025-04-21T01:24:44Z] User-Agent: Mozilla/5.0 (Windows NT 10.0; Win64; x64) AppleWebKit/537.36 (KHTML, like Gecko) Chrome/135.0.0.0 Safari/537.36
[2025-04-21T01:24:44Z] Accept-Encoding: gzip, deflate, br, zstd
[2025-04-21T01:24:44Z] Accept-Language: en-US,en;q=0.9
[2025-04-21T01:24:44Z] Referer: https://literate-journey-5gqpp7rqrpr4hr4g.github.dev/
[2025-04-21T01:24:44Z] X-Request-ID: 41e3adedf0bf6e6785baa37e2af75a19
[2025-04-21T01:24:44Z] X-Real-IP: 138.185.76.130
[2025-04-21T01:24:44Z] X-Forwarded-Port: 443
[2025-04-21T01:24:44Z] X-Forwarded-Scheme: https
[2025-04-21T01:24:44Z] X-Original-URI: /
[2025-04-21T01:24:44Z] X-Scheme: https
[2025-04-21T01:24:44Z] sec-ch-ua: "Google Chrome";v="135", "Not-A.Brand";v="8", "Chromium";v="135"
[2025-04-21T01:24:44Z] sec-ch-ua-mobile: ?0
[2025-04-21T01:24:44Z] sec-ch-ua-platform: "Windows"
[2025-04-21T01:24:44Z] sec-fetch-site: same-site
[2025-04-21T01:24:44Z] sec-fetch-mode: navigate
[2025-04-21T01:24:44Z] sec-fetch-user: ?1
[2025-04-21T01:24:44Z] sec-fetch-dest: document
[2025-04-21T01:24:44Z] priority: u=0, i
[2025-04-21T01:24:44Z] X-Original-Proto: https
[2025-04-21T01:24:44Z] X-Forwarded-Proto: https
[2025-04-21T01:24:44Z] X-Forwarded-Host: literate-journey-5gqpp7rqrpr4hr4g-4000.app.github.dev
[2025-04-21T01:24:44Z] X-Forwarded-For: 138.185.76.130
[2025-04-21T01:24:44Z] Proxy-Connection: Keep-Alive
[2025-04-21T01:24:44Z] 
[2025-04-21T01:28:08Z] GET / HTTP/1.1
[2025-04-21T01:28:08Z] Accept: text/html,application/xhtml+xml,application/xml;q=0.9,image/avif,image/webp,image/apng,*/*;q=0.8,application/signed-exchange;v=b3;q=0.7
[2025-04-21T01:28:08Z] Host: localhost:4000
[2025-04-21T01:28:08Z] User-Agent: Mozilla/5.0 (Windows NT 10.0; Win64; x64) AppleWebKit/537.36 (KHTML, like Gecko) Chrome/135.0.0.0 Safari/537.36
[2025-04-21T01:28:08Z] Accept-Encoding: gzip, deflate, br, zstd
[2025-04-21T01:28:08Z] Accept-Language: en-US,en;q=0.9
[2025-04-21T01:28:08Z] Referer: https://literate-journey-5gqpp7rqrpr4hr4g.github.dev/
[2025-04-21T01:28:08Z] X-Request-ID: bd57cbf539fa886b8117db2598929d79
[2025-04-21T01:28:08Z] X-Real-IP: 138.185.76.130
[2025-04-21T01:28:08Z] X-Forwarded-Port: 443
[2025-04-21T01:28:08Z] X-Forwarded-Scheme: https
[2025-04-21T01:28:08Z] X-Original-URI: /
[2025-04-21T01:28:08Z] X-Scheme: https
[2025-04-21T01:28:08Z] sec-ch-ua: "Google Chrome";v="135", "Not-A.Brand";v="8", "Chromium";v="135"
[2025-04-21T01:28:08Z] sec-ch-ua-mobile: ?0
[2025-04-21T01:28:08Z] sec-ch-ua-platform: "Windows"
[2025-04-21T01:28:08Z] sec-fetch-site: same-site
[2025-04-21T01:28:08Z] sec-fetch-mode: navigate
[2025-04-21T01:28:08Z] sec-fetch-user: ?1
[2025-04-21T01:28:08Z] sec-fetch-dest: document
[2025-04-21T01:28:08Z] priority: u=0, i
[2025-04-21T01:28:08Z] X-Original-Proto: https
[2025-04-21T01:28:08Z] X-Forwarded-Proto: https
[2025-04-21T01:28:08Z] X-Forwarded-Host: literate-journey-5gqpp7rqrpr4hr4g-4000.app.github.dev
[2025-04-21T01:28:08Z] X-Forwarded-For: 138.185.76.130
[2025-04-21T01:28:08Z] Proxy-Connection: Keep-Alive
[2025-04-21T01:28:08Z] 
[2025-04-21T01:28:31Z] hello
[2025-04-21T01:28:35Z] goodbye
[2025-04-21T01:28:49Z] odsuihfjkjjjjjjjjjjjjjjjjjjjjjjjjjjjjjjjjjjjjjjjjjjjjjjjjjjjjjjjjjjjjjjjjjjjjjjjjjjjjjjjjjjjjjjjjjjjjjjjjjjjjjjjjjjjjjjjjjjjjjjjjjjjjjjjjjjjjjjjjjjjjjjjjjjjjjjjjjjjjjjjjjjjjjjjjjjjjjjjjjjjjjjjjjjjjjjjjjjjjjjjjjjjj
[2025-04-21T01:29:16Z] hi
[2025-04-21T01:29:18Z] sakiondf
[2025-04-21T01:30:53Z] GET / HTTP
[2025-04-21T01:30:53Z] Accept: te
[2025-04-21T01:30:53Z] Host: loca
[2025-04-21T01:30:53Z] User-Agent
[2025-04-21T01:30:53Z] Accept-Enc
[2025-04-21T01:30:53Z] Accept-Lan
[2025-04-21T01:30:53Z] Referer: h
[2025-04-21T01:30:53Z] X-Request-
[2025-04-21T01:30:53Z] X-Real-IP:
[2025-04-21T01:30:53Z] X-Forwarde
[2025-04-21T01:30:53Z] X-Forwarde
[2025-04-21T01:30:53Z] X-Original
[2025-04-21T01:30:53Z] X-Scheme: 
[2025-04-21T01:30:53Z] sec-ch-ua:
[2025-04-21T01:30:53Z] sec-ch-ua-
[2025-04-21T01:30:53Z] sec-ch-ua-
[2025-04-21T01:30:53Z] sec-fetch-
[2025-04-21T01:30:53Z] sec-fetch-
[2025-04-21T01:30:53Z] sec-fetch-
[2025-04-21T01:30:53Z] sec-fetch-
[2025-04-21T01:30:53Z] priority: 
[2025-04-21T01:30:53Z] X-Original
[2025-04-21T01:30:53Z] X-Forwarde
[2025-04-21T01:30:53Z] X-Forwarde
[2025-04-21T01:30:53Z] X-Forwarde
[2025-04-21T01:30:53Z] Proxy-Conn
[2025-04-21T01:30:53Z] 
[2025-04-21T01:31:11Z] ksjhdskdjs
[2025-04-21T02:02:55Z] GET / HTTP/1.1
[2025-04-21T02:02:55Z] Accept: text/html,application/xhtml+xml,application/xml;q=0.9,image/avif,image/webp,image/apng,*/*;q=0.8,application/signed-exchange;v=b3;q=0.7
[2025-04-21T02:02:55Z] Host: localhost:4000
[2025-04-21T02:02:55Z] User-Agent: Mozilla/5.0 (Windows NT 10.0; Win64; x64) AppleWebKit/537.36 (KHTML, like Gecko) Chrome/135.0.0.0 Safari/537.36
[2025-04-21T02:02:55Z] Accept-Encoding: gzip, deflate, br, zstd
[2025-04-21T02:02:55Z] Accept-Language: en-US,en;q=0.9
[2025-04-21T02:02:55Z] Referer: https://literate-journey-5gqpp7rqrpr4hr4g.github.dev/
[2025-04-21T02:02:55Z] X-Request-ID: 27d96d21ac94e1c3f8e7591ce273e88a
[2025-04-21T02:02:55Z] X-Real-IP: 138.185.76.130
[2025-04-21T02:02:55Z] X-Forwarded-Port: 443
[2025-04-21T02:02:55Z] X-Forwarded-Scheme: https
[2025-04-21T02:02:55Z] X-Original-URI: /
[2025-04-21T02:02:55Z] X-Scheme: https
[2025-04-21T02:02:55Z] sec-ch-ua: "Google Chrome";v="135", "Not-A.Brand";v="8", "Chromium";v="135"
[2025-04-21T02:02:55Z] sec-ch-ua-mobile: ?0
[2025-04-21T02:02:55Z] sec-ch-ua-platform: "Windows"
[2025-04-21T02:02:55Z] sec-fetch-site: same-site
[2025-04-21T02:02:55Z] sec-fetch-mode: navigate
[2025-04-21T02:02:55Z] sec-fetch-user: ?1
[2025-04-21T02:02:55Z] sec-fetch-dest: document
[2025-04-21T02:02:55Z] priority: u=0, i
[2025-04-21T02:02:55Z] X-Original-Proto: https
[2025-04-21T02:02:55Z] X-Forwarded-Proto: https
[2025-04-21T02:02:55Z] X-Forwarded-Host: literate-journey-5gqpp7rqrpr4hr4g-4000.app.github.dev
[2025-04-21T02:02:55Z] X-Forwarded-For: 138.185.76.130
[2025-04-21T02:02:55Z] Proxy-Connection: Keep-Alive
[2025-04-21T02:02:55Z] 
[2025-04-21T02:03:20Z] helo
[2025-04-21T02:03:22Z] hello
[2025-04-21T02:11:31Z] GET / HTTP/1.1
[2025-04-21T02:11:31Z] Accept: text/html,application/xhtml+xml,application/xml;q=0.9,image/avif,image/webp,image/apng,*/*;q=0.8,application/signed-exchange;v=b3;q=0.7
[2025-04-21T02:11:31Z] Host: localhost:4000
[2025-04-21T02:11:31Z] User-Agent: Mozilla/5.0 (Windows NT 10.0; Win64; x64) AppleWebKit/537.36 (KHTML, like Gecko) Chrome/135.0.0.0 Safari/537.36
[2025-04-21T02:11:31Z] Accept-Encoding: gzip, deflate, br, zstd
[2025-04-21T02:11:31Z] Accept-Language: en-US,en;q=0.9
[2025-04-21T02:11:31Z] Referer: https://literate-journey-5gqpp7rqrpr4hr4g.github.dev/
[2025-04-21T02:11:31Z] X-Request-ID: 748ab6f30472983eddd6fdbef8760a1c
[2025-04-21T02:11:31Z] X-Real-IP: 138.185.76.130
[2025-04-21T02:11:31Z] X-Forwarded-Port: 443
[2025-04-21T02:11:31Z] X-Forwarded-Scheme: https
[2025-04-21T02:11:31Z] X-Original-URI: /
[2025-04-21T02:11:31Z] X-Scheme: https
[2025-04-21T02:11:31Z] sec-ch-ua: "Google Chrome";v="135", "Not-A.Brand";v="8", "Chromium";v="135"
[2025-04-21T02:11:31Z] sec-ch-ua-mobile: ?0
[2025-04-21T02:11:31Z] sec-ch-ua-platform: "Windows"
[2025-04-21T02:11:31Z] sec-fetch-site: same-site
[2025-04-21T02:11:31Z] sec-fetch-mode: navigate
[2025-04-21T02:11:31Z] sec-fetch-user: ?1
[2025-04-21T02:11:31Z] sec-fetch-dest: document
[2025-04-21T02:11:31Z] priority: u=0, i
[2025-04-21T02:11:31Z] X-Original-Proto: https
[2025-04-21T02:11:31Z] X-Forwarded-Proto: https
[2025-04-21T02:11:31Z] X-Forwarded-Host: literate-journey-5gqpp7rqrpr4hr4g-4000.app.github.dev
[2025-04-21T02:11:31Z] X-Forwarded-For: 138.185.76.130
[2025-04-21T02:11:31Z] Proxy-Connection: Keep-Alive
[2025-04-21T02:11:31Z] 
[2025-04-21T02:11:42Z] hello
[2025-04-21T02:11:46Z] hello
[2025-04-21T02:12:55Z] hi
[2025-04-21T02:13:03Z] 190284019284091284091284091284091824
[2025-04-21T02:19:38Z] GET / HTTP/1.1
[2025-04-21T02:19:38Z] Accept: text/html,application/xhtml+xml,application/xml;q=0.9,image/avif,image/webp,image/apng,*/*;q=0.8,application/signed-exchange;v=b3;q=0.7
[2025-04-21T02:19:38Z] Host: localhost:4000
[2025-04-21T02:19:38Z] User-Agent: Mozilla/5.0 (Windows NT 10.0; Win64; x64) AppleWebKit/537.36 (KHTML, like Gecko) Chrome/135.0.0.0 Safari/537.36
[2025-04-21T02:19:38Z] Accept-Encoding: gzip, deflate, br, zstd
[2025-04-21T02:19:38Z] Accept-Language: en-US,en;q=0.9
[2025-04-21T02:19:38Z] Referer: https://literate-journey-5gqpp7rqrpr4hr4g.github.dev/
[2025-04-21T02:19:38Z] X-Request-ID: a903594381b3938500a04dc2a04c832c
[2025-04-21T02:19:38Z] X-Real-IP: 138.185.76.130
[2025-04-21T02:19:38Z] X-Forwarded-Port: 443
[2025-04-21T02:19:38Z] X-Forwarded-Scheme: https
[2025-04-21T02:19:38Z] X-Original-URI: /
[2025-04-21T02:19:38Z] X-Scheme: https
[2025-04-21T02:19:38Z] sec-ch-ua: "Google Chrome";v="135", "Not-A.Brand";v="8", "Chromium";v="135"
[2025-04-21T02:19:38Z] sec-ch-ua-mobile: ?0
[2025-04-21T02:19:38Z] sec-ch-ua-platform: "Windows"
[2025-04-21T02:19:38Z] sec-fetch-site: same-site
[2025-04-21T02:19:38Z] sec-fetch-mode: navigate
[2025-04-21T02:19:38Z] sec-fetch-user: ?1
[2025-04-21T02:19:38Z] sec-fetch-dest: document
[2025-04-21T02:19:38Z] priority: u=0, i
[2025-04-21T02:19:38Z] X-Original-Proto: https
[2025-04-21T02:19:38Z] X-Forwarded-Proto: https
[2025-04-21T02:19:38Z] X-Forwarded-Host: literate-journey-5gqpp7rqrpr4hr4g-4000.app.github.dev
[2025-04-21T02:19:38Z] X-Forwarded-For: 138.185.76.130
[2025-04-21T02:19:38Z] Proxy-Connection: Keep-Alive
[2025-04-21T02:19:38Z] 
[2025-04-21T02:19:54Z] hello
[2025-04-21T02:19:57Z] /time
[2025-04-21T02:20:07Z] /echo hi
[2025-04-21T02:57:08Z] GET / HTTP/1.1
[2025-04-21T02:57:08Z] Accept: text/html,application/xhtml+xml,application/xml;q=0.9,image/avif,image/webp,image/apng,*/*;q=0.8,application/signed-exchange;v=b3;q=0.7
[2025-04-21T02:57:08Z] Host: localhost:4000
[2025-04-21T02:57:08Z] User-Agent: Mozilla/5.0 (Windows NT 10.0; Win64; x64) AppleWebKit/537.36 (KHTML, like Gecko) Chrome/135.0.0.0 Safari/537.36
[2025-04-21T02:57:08Z] Accept-Encoding: gzip, deflate, br, zstd
[2025-04-21T02:57:08Z] Accept-Language: en-US,en;q=0.9
[2025-04-21T02:57:08Z] Cache-Control: max-age=0
[2025-04-21T02:57:08Z] Referer: https://literate-journey-5gqpp7rqrpr4hr4g.github.dev/
[2025-04-21T02:57:08Z] X-Request-ID: a4a51b0cd988943c0cbfb878a6a2979b
[2025-04-21T02:57:08Z] X-Real-IP: 138.185.76.130
[2025-04-21T02:57:08Z] X-Forwarded-Port: 443
[2025-04-21T02:57:08Z] X-Forwarded-Scheme: https
[2025-04-21T02:57:08Z] X-Original-URI: /
[2025-04-21T02:57:08Z] X-Scheme: https
[2025-04-21T02:57:08Z] sec-fetch-site: same-site
[2025-04-21T02:57:08Z] sec-fetch-mode: navigate
[2025-04-21T02:57:08Z] sec-fetch-dest: document
[2025-04-21T02:57:08Z] sec-ch-ua: "Google Chrome";v="135", "Not-A.Brand";v="8", "Chromium";v="135"
[2025-04-21T02:57:08Z] sec-ch-ua-mobile: ?0
[2025-04-21T02:57:08Z] sec-ch-ua-platform: "Windows"
[2025-04-21T02:57:08Z] priority: u=0, i
[2025-04-21T02:57:08Z] X-Original-Proto: https
[2025-04-21T02:57:08Z] X-Forwarded-Proto: https
[2025-04-21T02:57:08Z] X-Forwarded-Host: literate-journey-5gqpp7rqrpr4hr4g-4000.app.github.dev
[2025-04-21T02:57:08Z] X-Forwarded-For: 138.185.76.130
[2025-04-21T02:57:08Z] Proxy-Connection: Keep-Alive
[2025-04-21T02:57:08Z] 
[2025-04-21T02:57:22Z] hello
[2025-04-21T02:57:27Z] hi
[2025-04-21T02:58:08Z] GET / HTTP/1.1
[2025-04-21T02:58:08Z] Accept: text/html,application/xhtml+xml,application/xml;q=0.9,image/avif,image/webp,image/apng,*/*;q=0.8,application/signed-exchange;v=b3;q=0.7
[2025-04-21T02:58:08Z] Host: localhost:4000
[2025-04-21T02:58:08Z] User-Agent: Mozilla/5.0 (Windows NT 10.0; Win64; x64) AppleWebKit/537.36 (KHTML, like Gecko) Chrome/135.0.0.0 Safari/537.36
[2025-04-21T02:58:08Z] Accept-Encoding: gzip, deflate, br, zstd
[2025-04-21T02:58:08Z] Accept-Language: en-US,en;q=0.9
[2025-04-21T02:58:08Z] Referer: https://literate-journey-5gqpp7rqrpr4hr4g.github.dev/
[2025-04-21T02:58:08Z] X-Request-ID: f203fa4ce097923c2ead46befa29b9b1
[2025-04-21T02:58:08Z] X-Real-IP: 138.185.76.130
[2025-04-21T02:58:08Z] X-Forwarded-Port: 443
[2025-04-21T02:58:08Z] X-Forwarded-Scheme: https
[2025-04-21T02:58:08Z] X-Original-URI: /
[2025-04-21T02:58:08Z] X-Scheme: https
[2025-04-21T02:58:08Z] sec-ch-ua: "Google Chrome";v="135", "Not-A.Brand";v="8", "Chromium";v="135"
[2025-04-21T02:58:08Z] sec-ch-ua-mobile: ?0
[2025-04-21T02:58:08Z] sec-ch-ua-platform: "Windows"
[2025-04-21T02:58:08Z] sec-fetch-site: same-site
[2025-04-21T02:58:08Z] sec-fetch-mode: navigate
[2025-04-21T02:58:08Z] sec-fetch-user: ?1
[2025-04-21T02:58:08Z] sec-fetch-dest: document
[2025-04-21T02:58:08Z] priority: u=0, i
[2025-04-21T02:58:08Z] X-Original-Proto: https
[2025-04-21T02:58:08Z] X-Forwarded-Proto: https
[2025-04-21T02:58:08Z] X-Forwarded-Host: literate-journey-5gqpp7rqrpr4hr4g-4000.app.github.dev
[2025-04-21T02:58:08Z] X-Forwarded-For: 138.185.76.130
[2025-04-21T02:58:08Z] Proxy-Connection: Keep-Alive
[2025-04-21T02:58:08Z] 
[2025-04-21T02:58:29Z] /time
[2025-04-21T02:58:39Z] /echo hi
[2025-04-21T02:58:45Z] 
